<?xml version="1.0" encoding="UTF-8"?>
<!-- Generated by org.testng.reporters.JUnitXMLReporter -->
<testsuite ignored="0" hostname="Harpreets-iMac.local" failures="0" tests="3" name="Default test" time="5.698" errors="0" timestamp="2023-04-04T11:52:39 EDT">
  <testcase classname="tests.test" name="createBoard" time="2.863"/>
  <testcase classname="tests.test" name="deleteBoard" time="1.501"/>
  <testcase classname="tests.test" name="verifyBoardDeleted" time="0.307"/>
</testsuite> <!-- Default test -->
