<?xml version="1.0" encoding="UTF-8"?>
<!-- Generated by org.testng.reporters.JUnitXMLReporter -->
<testsuite ignored="0" hostname="Harpreets-iMac.local" failures="0" tests="14" name="Test" time="9.032" errors="0" timestamp="2023-04-04T12:01:02 EDT">
  <testcase classname="tests.BoardTesting" name="createBoard" time="2.826"/>
  <testcase classname="tests.BoardTesting" name="getBoard" time="0.463"/>
  <testcase classname="tests.BoardTesting" name="updateBoard" time="0.309"/>
  <testcase classname="tests.BoardTesting" name="getUpdatedBoard" time="0.284"/>
  <testcase classname="tests.ListTesting" name="createList" time="0.398"/>
  <testcase classname="tests.ListTesting" name="getList" time="0.243"/>
  <testcase classname="tests.ListTesting" name="updateList" time="0.286"/>
  <testcase classname="tests.ListTesting" name="getUpdatedList" time="0.231"/>
  <testcase classname="tests.CardTesting" name="createCard" time="0.639"/>
  <testcase classname="tests.CardTesting" name="getCard" time="0.247"/>
  <testcase classname="tests.CardTesting" name="updateList" time="0.288"/>
  <testcase classname="tests.CardTesting" name="getUpdatedCard" time="0.257"/>
  <testcase classname="tests.DeleteBoardTesting" name="deleteBoard" time="1.309"/>
  <testcase classname="tests.DeleteBoardTesting" name="verifyBoardDeleted" time="0.208"/>
</testsuite> <!-- Test -->
