<?xml version="1.0" encoding="UTF-8"?>
<testng-results ignored="0" total="14" passed="14" failed="0" skipped="0">
  <reporter-output>
  </reporter-output>
  <suite started-at="2023-04-04T12:00:53 EDT" name="Suite" finished-at="2023-04-04T12:01:02 EDT" duration-ms="9032">
    <groups>
    </groups>
    <test started-at="2023-04-04T12:00:53 EDT" name="Test" finished-at="2023-04-04T12:01:02 EDT" duration-ms="9032">
      <class name="tests.BoardTesting">
        <test-method is-config="true" signature="setup()[pri:0, instance:tests.BoardTesting@971d0d8]" started-at="2023-04-04T12:00:53 EDT" name="setup" finished-at="2023-04-04T12:00:54 EDT" duration-ms="907" status="PASS">
          <reporter-output>
          </reporter-output>
        </test-method> <!-- setup -->
        <test-method signature="createBoard()[pri:1, instance:tests.BoardTesting@971d0d8]" started-at="2023-04-04T12:00:54 EDT" name="createBoard" finished-at="2023-04-04T12:00:57 EDT" duration-ms="2826" status="PASS">
          <reporter-output>
          </reporter-output>
        </test-method> <!-- createBoard -->
        <test-method signature="getBoard()[pri:2, instance:tests.BoardTesting@971d0d8]" started-at="2023-04-04T12:00:57 EDT" name="getBoard" finished-at="2023-04-04T12:00:58 EDT" duration-ms="463" status="PASS">
          <reporter-output>
          </reporter-output>
        </test-method> <!-- getBoard -->
        <test-method signature="updateBoard()[pri:3, instance:tests.BoardTesting@971d0d8]" started-at="2023-04-04T12:00:58 EDT" name="updateBoard" finished-at="2023-04-04T12:00:58 EDT" duration-ms="309" status="PASS">
          <reporter-output>
          </reporter-output>
        </test-method> <!-- updateBoard -->
        <test-method signature="getUpdatedBoard()[pri:4, instance:tests.BoardTesting@971d0d8]" started-at="2023-04-04T12:00:58 EDT" name="getUpdatedBoard" finished-at="2023-04-04T12:00:58 EDT" duration-ms="284" status="PASS">
          <reporter-output>
          </reporter-output>
        </test-method> <!-- getUpdatedBoard -->
        <test-method is-config="true" signature="inserBoardIdIntoAttribute(org.testng.ITestContext)[pri:0, instance:tests.BoardTesting@971d0d8]" started-at="2023-04-04T12:00:58 EDT" name="inserBoardIdIntoAttribute" finished-at="2023-04-04T12:00:58 EDT" duration-ms="4" status="PASS">
          <params>
            <param index="0">
              <value>
                <![CDATA[org.testng.TestRunner@668cc9a2]]>
              </value>
            </param>
          </params>
          <reporter-output>
          </reporter-output>
        </test-method> <!-- inserBoardIdIntoAttribute -->
      </class> <!-- tests.BoardTesting -->
      <class name="tests.ListTesting">
        <test-method is-config="true" signature="setup(org.testng.ITestContext)[pri:0, instance:tests.ListTesting@4206a205]" started-at="2023-04-04T12:00:58 EDT" name="setup" finished-at="2023-04-04T12:00:58 EDT" duration-ms="6" status="PASS">
          <params>
            <param index="0">
              <value>
                <![CDATA[org.testng.TestRunner@668cc9a2]]>
              </value>
            </param>
          </params>
          <reporter-output>
          </reporter-output>
        </test-method> <!-- setup -->
        <test-method signature="createList()[pri:1, instance:tests.ListTesting@4206a205]" started-at="2023-04-04T12:00:58 EDT" name="createList" finished-at="2023-04-04T12:00:59 EDT" duration-ms="398" status="PASS">
          <reporter-output>
          </reporter-output>
        </test-method> <!-- createList -->
        <test-method signature="getList()[pri:2, instance:tests.ListTesting@4206a205]" started-at="2023-04-04T12:00:59 EDT" name="getList" finished-at="2023-04-04T12:00:59 EDT" duration-ms="243" status="PASS">
          <reporter-output>
          </reporter-output>
        </test-method> <!-- getList -->
        <test-method signature="updateList()[pri:3, instance:tests.ListTesting@4206a205]" started-at="2023-04-04T12:00:59 EDT" name="updateList" finished-at="2023-04-04T12:00:59 EDT" duration-ms="286" status="PASS">
          <reporter-output>
          </reporter-output>
        </test-method> <!-- updateList -->
        <test-method signature="getUpdatedList()[pri:4, instance:tests.ListTesting@4206a205]" started-at="2023-04-04T12:00:59 EDT" name="getUpdatedList" finished-at="2023-04-04T12:00:59 EDT" duration-ms="231" status="PASS">
          <reporter-output>
          </reporter-output>
        </test-method> <!-- getUpdatedList -->
        <test-method is-config="true" signature="inserBoardIdIntoAttribute(org.testng.ITestContext)[pri:0, instance:tests.ListTesting@4206a205]" started-at="2023-04-04T12:00:59 EDT" name="inserBoardIdIntoAttribute" finished-at="2023-04-04T12:00:59 EDT" duration-ms="1" status="PASS">
          <params>
            <param index="0">
              <value>
                <![CDATA[org.testng.TestRunner@668cc9a2]]>
              </value>
            </param>
          </params>
          <reporter-output>
          </reporter-output>
        </test-method> <!-- inserBoardIdIntoAttribute -->
      </class> <!-- tests.ListTesting -->
      <class name="tests.DeleteBoardTesting">
        <test-method is-config="true" signature="setup(org.testng.ITestContext)[pri:0, instance:tests.DeleteBoardTesting@57175e74]" started-at="2023-04-04T12:01:01 EDT" name="setup" finished-at="2023-04-04T12:01:01 EDT" duration-ms="4" status="PASS">
          <params>
            <param index="0">
              <value>
                <![CDATA[org.testng.TestRunner@668cc9a2]]>
              </value>
            </param>
          </params>
          <reporter-output>
          </reporter-output>
        </test-method> <!-- setup -->
        <test-method signature="deleteBoard()[pri:1, instance:tests.DeleteBoardTesting@57175e74]" started-at="2023-04-04T12:01:01 EDT" name="deleteBoard" finished-at="2023-04-04T12:01:02 EDT" duration-ms="1309" status="PASS">
          <reporter-output>
          </reporter-output>
        </test-method> <!-- deleteBoard -->
        <test-method signature="verifyBoardDeleted()[pri:2, instance:tests.DeleteBoardTesting@57175e74]" started-at="2023-04-04T12:01:02 EDT" name="verifyBoardDeleted" finished-at="2023-04-04T12:01:02 EDT" duration-ms="208" status="PASS">
          <reporter-output>
          </reporter-output>
        </test-method> <!-- verifyBoardDeleted -->
      </class> <!-- tests.DeleteBoardTesting -->
      <class name="tests.CardTesting">
        <test-method is-config="true" signature="setup(org.testng.ITestContext)[pri:0, instance:tests.CardTesting@29ba4338]" started-at="2023-04-04T12:00:59 EDT" name="setup" finished-at="2023-04-04T12:00:59 EDT" duration-ms="5" status="PASS">
          <params>
            <param index="0">
              <value>
                <![CDATA[org.testng.TestRunner@668cc9a2]]>
              </value>
            </param>
          </params>
          <reporter-output>
          </reporter-output>
        </test-method> <!-- setup -->
        <test-method signature="createCard()[pri:1, instance:tests.CardTesting@29ba4338]" started-at="2023-04-04T12:00:59 EDT" name="createCard" finished-at="2023-04-04T12:01:00 EDT" duration-ms="639" status="PASS">
          <reporter-output>
          </reporter-output>
        </test-method> <!-- createCard -->
        <test-method signature="getCard()[pri:2, instance:tests.CardTesting@29ba4338]" started-at="2023-04-04T12:01:00 EDT" name="getCard" finished-at="2023-04-04T12:01:00 EDT" duration-ms="247" status="PASS">
          <reporter-output>
          </reporter-output>
        </test-method> <!-- getCard -->
        <test-method signature="updateList()[pri:3, instance:tests.CardTesting@29ba4338]" started-at="2023-04-04T12:01:00 EDT" name="updateList" finished-at="2023-04-04T12:01:01 EDT" duration-ms="288" status="PASS">
          <reporter-output>
          </reporter-output>
        </test-method> <!-- updateList -->
        <test-method signature="getUpdatedCard()[pri:4, instance:tests.CardTesting@29ba4338]" started-at="2023-04-04T12:01:01 EDT" name="getUpdatedCard" finished-at="2023-04-04T12:01:01 EDT" duration-ms="257" status="PASS">
          <reporter-output>
          </reporter-output>
        </test-method> <!-- getUpdatedCard -->
      </class> <!-- tests.CardTesting -->
    </test> <!-- Test -->
  </suite> <!-- Suite -->
</testng-results>
